[1028/224849.762:ERROR:directory_reader_win.cc(43)] FindFirstFile: The system cannot find the path specified. (0x3)
[1102/224413.708:ERROR:directory_reader_win.cc(43)] FindFirstFile: The system cannot find the path specified. (0x3)
[1105/225036.573:ERROR:directory_reader_win.cc(43)] FindFirstFile: The system cannot find the path specified. (0x3)
[1115/141651.554:ERROR:directory_reader_win.cc(43)] FindFirstFile: The system cannot find the path specified. (0x3)
[1115/144631.716:ERROR:directory_reader_win.cc(43)] FindFirstFile: The system cannot find the path specified. (0x3)
[1116/214136.425:ERROR:directory_reader_win.cc(43)] FindFirstFile: The system cannot find the path specified. (0x3)
[1117/222926.177:ERROR:directory_reader_win.cc(43)] FindFirstFile: The system cannot find the path specified. (0x3)
[1119/223207.758:ERROR:directory_reader_win.cc(43)] FindFirstFile: The system cannot find the path specified. (0x3)
[1119/234010.905:ERROR:process_reader_win.cc(151)] SuspendThread: Access is denied. (0x5)
[1119/234010.905:ERROR:process_reader_win.cc(151)] SuspendThread: Access is denied. (0x5)
[1119/234010.905:ERROR:process_reader_win.cc(151)] SuspendThread: Access is denied. (0x5)
[1119/234010.905:ERROR:process_reader_win.cc(151)] SuspendThread: Access is denied. (0x5)
[1119/234010.905:ERROR:process_reader_win.cc(151)] SuspendThread: Access is denied. (0x5)
[1119/234010.905:ERROR:process_reader_win.cc(151)] SuspendThread: Access is denied. (0x5)
[1119/234010.905:ERROR:process_reader_win.cc(151)] SuspendThread: Access is denied. (0x5)
[1119/234010.905:ERROR:process_reader_win.cc(151)] SuspendThread: Access is denied. (0x5)
[1119/234010.905:ERROR:process_reader_win.cc(151)] SuspendThread: Access is denied. (0x5)
[1119/234010.905:ERROR:process_reader_win.cc(151)] SuspendThread: Access is denied. (0x5)
[1119/234010.905:ERROR:process_reader_win.cc(151)] SuspendThread: Access is denied. (0x5)
[1119/234010.905:ERROR:process_reader_win.cc(151)] SuspendThread: Access is denied. (0x5)
[1119/234010.905:ERROR:process_reader_win.cc(151)] SuspendThread: Access is denied. (0x5)
[1119/234010.913:ERROR:process_reader_win.cc(151)] SuspendThread: Access is denied. (0x5)
[1119/234010.913:ERROR:process_reader_win.cc(151)] SuspendThread: Access is denied. (0x5)
[1119/234010.913:ERROR:process_reader_win.cc(151)] SuspendThread: Access is denied. (0x5)
[1119/234010.913:ERROR:process_reader_win.cc(151)] SuspendThread: Access is denied. (0x5)
[1119/234010.913:ERROR:process_reader_win.cc(151)] SuspendThread: Access is denied. (0x5)
[1119/234010.913:ERROR:process_reader_win.cc(151)] SuspendThread: Access is denied. (0x5)
[1119/234010.913:ERROR:process_reader_win.cc(151)] SuspendThread: Access is denied. (0x5)
[1119/234010.913:ERROR:process_reader_win.cc(151)] SuspendThread: Access is denied. (0x5)
[1119/234010.913:ERROR:process_reader_win.cc(151)] SuspendThread: Access is denied. (0x5)
[1119/234010.913:ERROR:process_reader_win.cc(151)] SuspendThread: Access is denied. (0x5)
[1119/234010.905:ERROR:process_reader_win.cc(123)] NtOpenThread: {Access Denied} A process has requested access to an object, but has not been granted those access rights. (0xc0000022)
[1119/234010.921:ERROR:exception_snapshot_win.cc(99)] thread ID 8464 not found in process
[1119/234010.929:ERROR:process_reader_win.cc(151)] SuspendThread: Access is denied. (0x5)
[1119/234010.929:ERROR:process_reader_win.cc(151)] SuspendThread: Access is denied. (0x5)
[1119/234010.929:ERROR:process_reader_win.cc(123)] NtOpenThread: {Access Denied} A process has requested access to an object, but has not been granted those access rights. (0xc0000022)
[1119/234010.929:ERROR:exception_snapshot_win.cc(99)] thread ID 8656 not found in process
[1119/234010.913:ERROR:process_reader_win.cc(123)] NtOpenThread: {Access Denied} A process has requested access to an object, but has not been granted those access rights. (0xc0000022)
[1119/234010.929:ERROR:exception_snapshot_win.cc(99)] thread ID 3436 not found in process
[1119/234010.905:ERROR:process_reader_win.cc(123)] NtOpenThread: {Access Denied} A process has requested access to an object, but has not been granted those access rights. (0xc0000022)
[1119/234010.929:ERROR:exception_snapshot_win.cc(99)] thread ID 7656 not found in process
[1119/234010.937:ERROR:process_reader_win.cc(151)] SuspendThread: Access is denied. (0x5)
[1119/234010.937:ERROR:process_reader_win.cc(151)] SuspendThread: Access is denied. (0x5)
[1119/234010.937:ERROR:process_reader_win.cc(123)] NtOpenThread: {Access Denied} A process has requested access to an object, but has not been granted those access rights. (0xc0000022)
[1119/234010.937:ERROR:exception_snapshot_win.cc(99)] thread ID 3712 not found in process
[1119/234010.969:ERROR:process_reader_win.cc(151)] SuspendThread: Access is denied. (0x5)
[1119/234010.969:ERROR:process_reader_win.cc(151)] SuspendThread: Access is denied. (0x5)
[1119/234010.969:ERROR:process_reader_win.cc(151)] SuspendThread: Access is denied. (0x5)
[1119/234010.969:ERROR:process_reader_win.cc(151)] SuspendThread: Access is denied. (0x5)
[1119/234010.969:ERROR:process_reader_win.cc(151)] SuspendThread: Access is denied. (0x5)
[1119/234010.969:ERROR:process_reader_win.cc(151)] SuspendThread: Access is denied. (0x5)
[1119/234010.969:ERROR:process_reader_win.cc(151)] SuspendThread: Access is denied. (0x5)
[1119/234010.969:ERROR:process_reader_win.cc(151)] SuspendThread: Access is denied. (0x5)
[1119/234010.969:ERROR:process_reader_win.cc(151)] SuspendThread: Access is denied. (0x5)
[1119/234010.969:ERROR:process_reader_win.cc(151)] SuspendThread: Access is denied. (0x5)
[1119/234010.969:ERROR:process_reader_win.cc(123)] NtOpenThread: {Access Denied} A process has requested access to an object, but has not been granted those access rights. (0xc0000022)
[1119/234010.969:ERROR:exception_snapshot_win.cc(99)] thread ID 8252 not found in process
[1119/234010.969:ERROR:process_reader_win.cc(151)] SuspendThread: Access is denied. (0x5)
[1119/234010.969:ERROR:process_reader_win.cc(151)] SuspendThread: Access is denied. (0x5)
[1119/234010.969:ERROR:process_reader_win.cc(151)] SuspendThread: Access is denied. (0x5)
[1119/234010.969:ERROR:process_reader_win.cc(151)] SuspendThread: Access is denied. (0x5)
[1119/234010.969:ERROR:process_reader_win.cc(151)] SuspendThread: Access is denied. (0x5)
[1119/234010.969:ERROR:process_reader_win.cc(151)] SuspendThread: Access is denied. (0x5)
[1119/234010.969:ERROR:process_reader_win.cc(151)] SuspendThread: Access is denied. (0x5)
[1119/234010.969:ERROR:process_reader_win.cc(151)] SuspendThread: Access is denied. (0x5)
[1119/234010.969:ERROR:process_reader_win.cc(151)] SuspendThread: Access is denied. (0x5)
[1119/234010.969:ERROR:process_reader_win.cc(151)] SuspendThread: Access is denied. (0x5)
[1119/234010.969:ERROR:process_reader_win.cc(123)] NtOpenThread: {Access Denied} A process has requested access to an object, but has not been granted those access rights. (0xc0000022)
[1119/234010.969:ERROR:exception_snapshot_win.cc(99)] thread ID 7352 not found in process
[1122/094142.057:ERROR:directory_reader_win.cc(43)] FindFirstFile: The system cannot find the path specified. (0x3)
[1122/115012.853:ERROR:directory_reader_win.cc(43)] FindFirstFile: The system cannot find the path specified. (0x3)
[1122/192926.995:ERROR:directory_reader_win.cc(43)] FindFirstFile: The system cannot find the path specified. (0x3)
[1122/222411.604:ERROR:process_reader_win.cc(151)] SuspendThread: Access is denied. (0x5)
[1122/222411.605:ERROR:process_reader_win.cc(151)] SuspendThread: Access is denied. (0x5)
[1122/222411.605:ERROR:process_reader_win.cc(151)] SuspendThread: Access is denied. (0x5)
[1122/222411.605:ERROR:process_reader_win.cc(151)] SuspendThread: Access is denied. (0x5)
[1122/222411.605:ERROR:process_reader_win.cc(151)] SuspendThread: Access is denied. (0x5)
[1122/222411.605:ERROR:process_reader_win.cc(151)] SuspendThread: Access is denied. (0x5)
[1122/222411.605:ERROR:process_reader_win.cc(151)] SuspendThread: Access is denied. (0x5)
[1122/222411.605:ERROR:process_reader_win.cc(151)] SuspendThread: Access is denied. (0x5)
[1122/222411.605:ERROR:process_reader_win.cc(151)] SuspendThread: Access is denied. (0x5)
[1122/222411.605:ERROR:process_reader_win.cc(151)] SuspendThread: Access is denied. (0x5)
[1122/222411.605:ERROR:process_reader_win.cc(151)] SuspendThread: Access is denied. (0x5)
[1122/222411.605:ERROR:process_reader_win.cc(151)] SuspendThread: Access is denied. (0x5)
[1122/222411.605:ERROR:process_reader_win.cc(151)] SuspendThread: Access is denied. (0x5)
[1122/222411.605:ERROR:process_reader_win.cc(151)] SuspendThread: Access is denied. (0x5)
[1122/222411.638:ERROR:process_reader_win.cc(151)] SuspendThread: Access is denied. (0x5)
[1122/222411.638:ERROR:process_reader_win.cc(151)] SuspendThread: Access is denied. (0x5)
[1122/222411.638:ERROR:process_reader_win.cc(151)] SuspendThread: Access is denied. (0x5)
[1122/222411.638:ERROR:process_reader_win.cc(151)] SuspendThread: Access is denied. (0x5)
[1122/222411.638:ERROR:process_reader_win.cc(151)] SuspendThread: Access is denied. (0x5)
[1122/222411.638:ERROR:process_reader_win.cc(151)] SuspendThread: Access is denied. (0x5)
[1122/222411.638:ERROR:process_reader_win.cc(151)] SuspendThread: Access is denied. (0x5)
[1122/222411.638:ERROR:process_reader_win.cc(151)] SuspendThread: Access is denied. (0x5)
[1122/222411.638:ERROR:process_reader_win.cc(151)] SuspendThread: Access is denied. (0x5)
[1122/222411.638:ERROR:process_reader_win.cc(151)] SuspendThread: Access is denied. (0x5)
[1122/222411.638:ERROR:process_reader_win.cc(151)] SuspendThread: Access is denied. (0x5)
[1122/222411.638:ERROR:process_reader_win.cc(151)] SuspendThread: Access is denied. (0x5)
[1122/222411.638:ERROR:process_reader_win.cc(151)] SuspendThread: Access is denied. (0x5)
[1122/222411.638:ERROR:process_reader_win.cc(151)] SuspendThread: Access is denied. (0x5)
[1122/222411.638:ERROR:process_reader_win.cc(151)] SuspendThread: Access is denied. (0x5)
[1122/222411.638:ERROR:process_reader_win.cc(151)] SuspendThread: Access is denied. (0x5)
[1122/222411.638:ERROR:process_reader_win.cc(151)] SuspendThread: Access is denied. (0x5)
[1122/222411.638:ERROR:process_reader_win.cc(151)] SuspendThread: Access is denied. (0x5)
[1122/222411.638:ERROR:process_reader_win.cc(151)] SuspendThread: Access is denied. (0x5)
[1122/222411.638:ERROR:process_reader_win.cc(151)] SuspendThread: Access is denied. (0x5)
[1122/222411.638:ERROR:process_reader_win.cc(151)] SuspendThread: Access is denied. (0x5)
[1122/222411.638:ERROR:process_reader_win.cc(151)] SuspendThread: Access is denied. (0x5)
[1122/222411.638:ERROR:process_reader_win.cc(151)] SuspendThread: Access is denied. (0x5)
[1122/222411.638:ERROR:process_reader_win.cc(151)] SuspendThread: Access is denied. (0x5)
[1122/222411.638:ERROR:process_reader_win.cc(151)] SuspendThread: Access is denied. (0x5)
[1122/222411.638:ERROR:process_reader_win.cc(151)] SuspendThread: Access is denied. (0x5)
[1122/222411.639:ERROR:process_reader_win.cc(123)] NtOpenThread: {Access Denied} A process has requested access to an object, but has not been granted those access rights. (0xc0000022)
[1122/222411.639:ERROR:process_reader_win.cc(123)] NtOpenThread: {Access Denied} A process has requested access to an object, but has not been granted those access rights. (0xc0000022)
[1122/222411.645:ERROR:exception_snapshot_win.cc(99)] thread ID 7584 not found in process
[1122/222411.645:ERROR:exception_snapshot_win.cc(99)] thread ID 7660 not found in process
[1122/222411.605:ERROR:process_reader_win.cc(123)] NtOpenThread: {Access Denied} A process has requested access to an object, but has not been granted those access rights. (0xc0000022)
[1122/222411.645:ERROR:exception_snapshot_win.cc(99)] thread ID 13416 not found in process
[1122/222412.250:ERROR:process_reader_win.cc(151)] SuspendThread: Access is denied. (0x5)
[1122/222412.250:ERROR:process_reader_win.cc(151)] SuspendThread: Access is denied. (0x5)
[1122/222412.250:ERROR:process_reader_win.cc(151)] SuspendThread: Access is denied. (0x5)
[1122/222412.250:ERROR:process_reader_win.cc(151)] SuspendThread: Access is denied. (0x5)
[1122/222412.250:ERROR:process_reader_win.cc(151)] SuspendThread: Access is denied. (0x5)
[1122/222412.250:ERROR:process_reader_win.cc(151)] SuspendThread: Access is denied. (0x5)
[1122/222412.250:ERROR:process_reader_win.cc(151)] SuspendThread: Access is denied. (0x5)
[1122/222412.250:ERROR:process_reader_win.cc(151)] SuspendThread: Access is denied. (0x5)
[1122/222412.250:ERROR:process_reader_win.cc(151)] SuspendThread: Access is denied. (0x5)
[1122/222412.250:ERROR:process_reader_win.cc(151)] SuspendThread: Access is denied. (0x5)
[1122/222412.251:ERROR:process_reader_win.cc(151)] SuspendThread: Access is denied. (0x5)
[1122/222412.251:ERROR:process_reader_win.cc(151)] SuspendThread: Access is denied. (0x5)
[1122/222412.251:ERROR:process_reader_win.cc(151)] SuspendThread: Access is denied. (0x5)
[1122/222412.251:ERROR:process_reader_win.cc(123)] NtOpenThread: {Access Denied} A process has requested access to an object, but has not been granted those access rights. (0xc0000022)
[1122/222412.251:ERROR:exception_snapshot_win.cc(99)] thread ID 5356 not found in process
[1122/222412.297:ERROR:process_reader_win.cc(151)] SuspendThread: Access is denied. (0x5)
[1122/222412.297:ERROR:process_reader_win.cc(151)] SuspendThread: Access is denied. (0x5)
[1122/222412.297:ERROR:process_reader_win.cc(151)] SuspendThread: Access is denied. (0x5)
[1122/222412.297:ERROR:process_reader_win.cc(151)] SuspendThread: Access is denied. (0x5)
[1122/222412.297:ERROR:process_reader_win.cc(151)] SuspendThread: Access is denied. (0x5)
[1122/222412.297:ERROR:process_reader_win.cc(151)] SuspendThread: Access is denied. (0x5)
[1122/222412.297:ERROR:process_reader_win.cc(151)] SuspendThread: Access is denied. (0x5)
[1122/222412.297:ERROR:process_reader_win.cc(151)] SuspendThread: Access is denied. (0x5)
[1122/222412.298:ERROR:process_reader_win.cc(151)] SuspendThread: Access is denied. (0x5)
[1122/222412.298:ERROR:process_reader_win.cc(151)] SuspendThread: Access is denied. (0x5)
[1122/222412.298:ERROR:process_reader_win.cc(151)] SuspendThread: Access is denied. (0x5)
[1122/222412.298:ERROR:process_reader_win.cc(151)] SuspendThread: Access is denied. (0x5)
[1122/222412.298:ERROR:process_reader_win.cc(151)] SuspendThread: Access is denied. (0x5)
[1122/222412.298:ERROR:process_reader_win.cc(123)] NtOpenThread: {Access Denied} A process has requested access to an object, but has not been granted those access rights. (0xc0000022)
[1122/222412.298:ERROR:exception_snapshot_win.cc(99)] thread ID 7704 not found in process
[1122/222412.355:ERROR:process_reader_win.cc(151)] SuspendThread: Access is denied. (0x5)
[1122/222412.355:ERROR:process_reader_win.cc(151)] SuspendThread: Access is denied. (0x5)
[1122/222412.356:ERROR:process_reader_win.cc(151)] SuspendThread: Access is denied. (0x5)
[1122/222412.356:ERROR:process_reader_win.cc(151)] SuspendThread: Access is denied. (0x5)
[1122/222412.356:ERROR:process_reader_win.cc(151)] SuspendThread: Access is denied. (0x5)
[1122/222412.356:ERROR:process_reader_win.cc(151)] SuspendThread: Access is denied. (0x5)
[1122/222412.356:ERROR:process_reader_win.cc(151)] SuspendThread: Access is denied. (0x5)
[1122/222412.356:ERROR:process_reader_win.cc(151)] SuspendThread: Access is denied. (0x5)
[1122/222412.356:ERROR:process_reader_win.cc(151)] SuspendThread: Access is denied. (0x5)
[1122/222412.356:ERROR:process_reader_win.cc(151)] SuspendThread: Access is denied. (0x5)
[1122/222412.356:ERROR:process_reader_win.cc(151)] SuspendThread: Access is denied. (0x5)
[1122/222412.356:ERROR:process_reader_win.cc(151)] SuspendThread: Access is denied. (0x5)
[1122/222412.356:ERROR:process_reader_win.cc(123)] NtOpenThread: {Access Denied} A process has requested access to an object, but has not been granted those access rights. (0xc0000022)
[1122/222412.356:ERROR:exception_snapshot_win.cc(99)] thread ID 4720 not found in process
[1122/222412.374:ERROR:process_reader_win.cc(151)] SuspendThread: Access is denied. (0x5)
[1122/222412.374:ERROR:process_reader_win.cc(151)] SuspendThread: Access is denied. (0x5)
[1122/222412.374:ERROR:process_reader_win.cc(151)] SuspendThread: Access is denied. (0x5)
[1122/222412.375:ERROR:process_reader_win.cc(151)] SuspendThread: Access is denied. (0x5)
[1122/222412.375:ERROR:process_reader_win.cc(151)] SuspendThread: Access is denied. (0x5)
[1122/222412.375:ERROR:process_reader_win.cc(151)] SuspendThread: Access is denied. (0x5)
[1122/222412.375:ERROR:process_reader_win.cc(151)] SuspendThread: Access is denied. (0x5)
[1122/222412.375:ERROR:process_reader_win.cc(151)] SuspendThread: Access is denied. (0x5)
[1122/222412.375:ERROR:process_reader_win.cc(151)] SuspendThread: Access is denied. (0x5)
[1122/222412.375:ERROR:process_reader_win.cc(151)] SuspendThread: Access is denied. (0x5)
[1122/222412.375:ERROR:process_reader_win.cc(151)] SuspendThread: Access is denied. (0x5)
[1122/222412.375:ERROR:process_reader_win.cc(151)] SuspendThread: Access is denied. (0x5)
[1122/222412.375:ERROR:process_reader_win.cc(123)] NtOpenThread: {Access Denied} A process has requested access to an object, but has not been granted those access rights. (0xc0000022)
[1122/222412.375:ERROR:exception_snapshot_win.cc(99)] thread ID 11240 not found in process
[1123/222953.294:ERROR:directory_reader_win.cc(43)] FindFirstFile: The system cannot find the path specified. (0x3)
[1127/230139.838:ERROR:directory_reader_win.cc(43)] FindFirstFile: The system cannot find the path specified. (0x3)
[1128/232120.308:ERROR:directory_reader_win.cc(43)] FindFirstFile: The system cannot find the path specified. (0x3)
[1129/223151.213:ERROR:settings.cc(320)] Settings magic is not 1129342067
[1129/230910.446:ERROR:directory_reader_win.cc(43)] FindFirstFile: The system cannot find the path specified. (0x3)
[1130/173807.910:ERROR:settings.cc(320)] Settings magic is not 1129342067
[1130/174807.915:ERROR:directory_reader_win.cc(43)] FindFirstFile: The system cannot find the path specified. (0x3)
[1130/183424.844:ERROR:directory_reader_win.cc(43)] FindFirstFile: The system cannot find the path specified. (0x3)
[1219/215729.565:ERROR:directory_reader_win.cc(43)] FindFirstFile: The system cannot find the path specified. (0x3)
[1220/160048.933:ERROR:directory_reader_win.cc(43)] FindFirstFile: The system cannot find the path specified. (0x3)
[1226/183116.538:ERROR:directory_reader_win.cc(43)] FindFirstFile: The system cannot find the path specified. (0x3)
[1227/131812.175:ERROR:directory_reader_win.cc(43)] FindFirstFile: The system cannot find the path specified. (0x3)
[0112/230116.528:ERROR:settings.cc(320)] Settings magic is not 1129342067
